<?xml version="1.0" encoding="UTF-8"?>
<!-- Generated by org.testng.reporters.JUnitReportReporter -->
<testsuite hostname="DESKTOP-FRJ2MMR" failures="0" tests="1" name="com.simplilearn.testng.Flipkart" time="89.072" errors="0" timestamp="2022-10-11T15:34:10 IST" skipped="0">
  <testcase classname="com.simplilearn.testng.Flipkart" name="flipkart" time="89.072"/>
  <system-out/>
</testsuite> <!-- com.simplilearn.testng.Flipkart -->
