<?xml version="1.0" encoding="UTF-8"?>
<!-- Generated by org.testng.reporters.JUnitReportReporter -->
<testsuite hostname="DESKTOP-FRJ2MMR" failures="0" tests="1" name="com.simplilearn.proj2.AssertionTest" time="18.264" errors="0" timestamp="2022-10-03T16:21:01 IST" skipped="0">
  <testcase classname="com.simplilearn.proj2.AssertionTest" name="TitleTest" time="18.264"/>
  <system-out/>
</testsuite> <!-- com.simplilearn.proj2.AssertionTest -->
