<?xml version="1.0" encoding="UTF-8"?>
<!-- Generated by org.testng.reporters.JUnitReportReporter -->
<testsuite hostname="DESKTOP-FRJ2MMR" failures="0" tests="1" name="com.simplilearn.proj2.Register" time="27.322" errors="0" timestamp="2022-10-03T15:48:14 IST" skipped="0">
  <testcase classname="com.simplilearn.proj2.Register" name="facebook" time="27.322"/>
  <system-out/>
</testsuite> <!-- com.simplilearn.proj2.Register -->
